# JRE version: Java(TM) SE Runtime Environment 18.9 (11.0.12+8) (build 11.0.12+8-LTS-237)
# Java VM: Java HotSpot(TM) 64-Bit Server VM 18.9 (11.0.12+8-LTS-237, mixed mode, tiered, compressed oops, g1 gc, windows-amd64)
Heap:
 garbage-first heap   total 78848K, used 57685K [0x0000000702800000, 0x0000000800000000)
  region size 1024K, 38 young (38912K), 0 survivors (0K)
 Metaspace       used 60318K, capacity 62213K, committed 62288K, reserved 1103872K
  class space    used 7918K, capacity 8667K, committed 8704K, reserved 1048576K
GC Heap History (10 events):
Event: 0.976 GC heap before
{Heap before GC invocations=3 (full 0):
 garbage-first heap   total 260096K, used 113000K [0x0000000702800000, 0x0000000800000000)
  region size 1024K, 109 young (111616K), 6 survivors (6144K)
 Metaspace       used 24533K, capacity 25344K, committed 25520K, reserved 1071104K
  class space    used 2955K, capacity 3259K, committed 3328K, reserved 1048576K
}
Event: 0.979 GC heap after
{Heap after GC invocations=4 (full 0):
 garbage-first heap   total 260096K, used 10797K [0x0000000702800000, 0x0000000800000000)
  region size 1024K, 8 young (8192K), 8 survivors (8192K)
 Metaspace       used 24533K, capacity 25344K, committed 25520K, reserved 1071104K
  class space    used 2955K, capacity 3259K, committed 3328K, reserved 1048576K
}
Event: 1.438 GC heap before
{Heap before GC invocations=4 (full 0):
 garbage-first heap   total 260096K, used 157229K [0x0000000702800000, 0x0000000800000000)
  region size 1024K, 152 young (155648K), 8 survivors (8192K)
 Metaspace       used 31586K, capacity 32750K, committed 33072K, reserved 1077248K
  class space    used 3929K, capacity 4381K, committed 4480K, reserved 1048576K
}
Event: 1.443 GC heap after
{Heap after GC invocations=5 (full 0):
 garbage-first heap   total 260096K, used 14835K [0x0000000702800000, 0x0000000800000000)
  region size 1024K, 12 young (12288K), 12 survivors (12288K)
 Metaspace       used 31586K, capacity 32750K, committed 33072K, reserved 1077248K
  class space    used 3929K, capacity 4381K, committed 4480K, reserved 1048576K
}
Event: 1.563 GC heap before
{Heap before GC invocations=5 (full 0):
 garbage-first heap   total 260096K, used 37363K [0x0000000702800000, 0x0000000800000000)
  region size 1024K, 35 young (35840K), 12 survivors (12288K)
 Metaspace       used 34643K, capacity 35754K, committed 35920K, reserved 1081344K
  class space    used 4306K, capacity 4741K, committed 4864K, reserved 1048576K
}
Event: 1.570 GC heap after
{Heap after GC invocations=6 (full 0):
 garbage-first heap   total 312320K, used 16128K [0x0000000702800000, 0x0000000800000000)
  region size 1024K, 10 young (10240K), 10 survivors (10240K)
 Metaspace       used 34643K, capacity 35754K, committed 35920K, reserved 1081344K
  class space    used 4306K, capacity 4741K, committed 4864K, reserved 1048576K
}
Event: 113.712 GC heap before
{Heap before GC invocations=7 (full 0):
 garbage-first heap   total 312320K, used 191232K [0x0000000702800000, 0x0000000800000000)
  region size 1024K, 182 young (186368K), 10 survivors (10240K)
 Metaspace       used 58319K, capacity 60099K, committed 60240K, reserved 1101824K
  class space    used 7661K, capacity 8368K, committed 8448K, reserved 1048576K
}
Event: 113.721 GC heap after
{Heap after GC invocations=8 (full 0):
 garbage-first heap   total 312320K, used 23195K [0x0000000702800000, 0x0000000800000000)
  region size 1024K, 17 young (17408K), 17 survivors (17408K)
 Metaspace       used 58319K, capacity 60099K, committed 60240K, reserved 1101824K
  class space    used 7661K, capacity 8368K, committed 8448K, reserved 1048576K
}
Event: 134.434 GC heap before
{Heap before GC invocations=9 (full 0):
 garbage-first heap   total 312320K, used 37531K [0x0000000702800000, 0x0000000800000000)
  region size 1024K, 32 young (32768K), 17 survivors (17408K)
 Metaspace       used 60249K, capacity 62116K, committed 62288K, reserved 1103872K
  class space    used 7908K, capacity 8656K, committed 8704K, reserved 1048576K
}
Event: 134.460 GC heap after
{Heap after GC invocations=10 (full 1):
 garbage-first heap   total 78848K, used 20821K [0x0000000702800000, 0x0000000800000000)
  region size 1024K, 0 young (0K), 0 survivors (0K)
 Metaspace       used 60249K, capacity 62116K, committed 62288K, reserved 1103872K
  class space    used 7908K, capacity 8656K, committed 8704K, reserved 1048576K
}

